<?xml version="1.0" encoding="UTF-8"?>
<!-- Generated by org.testng.reporters.JUnitReportReporter -->
<testsuite hostname="DESKTOP-35HBDVU" failures="0" tests="4" name="com.app.sampletest.Parallel_Class" time="0.030" errors="0" timestamp="2024-02-04T14:02:54 IST" skipped="0">
  <testcase classname="com.app.sampletest.Parallel_Class" name="test2" time="0.004"/>
  <system-out/>
  <testcase classname="com.app.sampletest.Parallel_Class" name="test4" time="0.002"/>
  <system-out/>
  <testcase classname="com.app.sampletest.Parallel_Class" name="test3" time="0.004"/>
  <system-out/>
  <testcase classname="com.app.sampletest.Parallel_Class" name="test1" time="0.020"/>
  <system-out/>
</testsuite> <!-- com.app.sampletest.Parallel_Class -->
