<?xml version="1.0" encoding="UTF-8"?>
<!-- Generated by org.testng.reporters.JUnitReportReporter -->
<testsuite hostname="DESKTOP-35HBDVU" failures="0" tests="3" name="com.app.sampletest.Group2" time="0.005" errors="0" timestamp="2024-02-03T13:20:02 IST" skipped="0">
  <testcase classname="com.app.sampletest.Group2" name="test6" time="0.002"/>
  <system-out/>
  <testcase classname="com.app.sampletest.Group2" name="test5" time="0.001"/>
  <system-out/>
  <testcase classname="com.app.sampletest.Group2" name="test4" time="0.002"/>
  <system-out/>
</testsuite> <!-- com.app.sampletest.Group2 -->
