<?xml version="1.0" encoding="UTF-8"?>
<!-- Generated by org.testng.reporters.JUnitReportReporter -->
<testsuite hostname="DESKTOP-35HBDVU" failures="0" tests="3" name="com.app.sampletest.Group1" time="0.007" errors="0" timestamp="2024-02-03T13:20:02 IST" skipped="0">
  <testcase classname="com.app.sampletest.Group1" name="test1" time="0.006"/>
  <system-out/>
  <testcase classname="com.app.sampletest.Group1" name="test3" time="0.000"/>
  <system-out/>
  <testcase classname="com.app.sampletest.Group1" name="test2" time="0.001"/>
  <system-out/>
</testsuite> <!-- com.app.sampletest.Group1 -->
