<?xml version="1.0" encoding="UTF-8"?>
<!-- Generated by org.testng.reporters.JUnitReportReporter -->
<testsuite hostname="DESKTOP-35HBDVU" failures="0" tests="3" name="com.app.sampletest.Test_Prio" time="0.010" errors="0" timestamp="2024-02-03T13:08:18 IST" skipped="0">
  <testcase classname="com.app.sampletest.Test_Prio" name="user" time="0.006"/>
  <system-out/>
  <testcase classname="com.app.sampletest.Test_Prio" name="pass" time="0.003"/>
  <system-out/>
  <testcase classname="com.app.sampletest.Test_Prio" name="login" time="0.001"/>
  <system-out/>
</testsuite> <!-- com.app.sampletest.Test_Prio -->
