<?xml version="1.0" encoding="UTF-8"?>
<!-- Generated by org.testng.reporters.JUnitReportReporter -->
<testsuite hostname="DESKTOP-35HBDVU" failures="0" tests="2" name="com.app.sampletest.Include_Exclude" time="0.014" errors="0" timestamp="2024-02-03T13:33:19 IST" skipped="0">
  <testcase classname="com.app.sampletest.Include_Exclude" name="test3" time="0.002"/>
  <system-out/>
  <testcase classname="com.app.sampletest.Include_Exclude" name="test2" time="0.012"/>
  <system-out/>
</testsuite> <!-- com.app.sampletest.Include_Exclude -->
