<?xml version="1.0" encoding="UTF-8"?>
<!-- Generated by org.testng.reporters.JUnitReportReporter -->
<testsuite hostname="DESKTOP-35HBDVU" failures="0" tests="2" name="com.app.sampletest.Test_Depend" time="0.010" errors="0" timestamp="2024-02-03T13:14:00 IST" skipped="0">
  <testcase classname="com.app.sampletest.Test_Depend" name="pass" time="0.001"/>
  <system-out/>
  <testcase classname="com.app.sampletest.Test_Depend" name="user" time="0.009"/>
  <system-out/>
</testsuite> <!-- com.app.sampletest.Test_Depend -->
