<?xml version="1.0" encoding="UTF-8"?>
<!-- Generated by org.testng.reporters.JUnitReportReporter -->
<testsuite hostname="DESKTOP-35HBDVU" failures="0" tests="3" name="com.app.sampletest.Sample_Suite" time="0.002" errors="0" timestamp="2024-02-03T13:08:18 IST" skipped="0">
  <testcase classname="com.app.sampletest.Sample_Suite" name="test3" time="0.000"/>
  <system-out/>
  <testcase classname="com.app.sampletest.Sample_Suite" name="test2" time="0.001"/>
  <system-out/>
  <testcase classname="com.app.sampletest.Sample_Suite" name="test1" time="0.001"/>
  <system-out/>
</testsuite> <!-- com.app.sampletest.Sample_Suite -->
