<?xml version="1.0" encoding="UTF-8"?>
<!-- Generated by org.testng.reporters.JUnitReportReporter -->
<testsuite hostname="DESKTOP-35HBDVU" failures="0" tests="2" name="com.app.sampletest.Data_Parameter" time="0.012" errors="0" timestamp="2024-02-04T11:53:51 IST" skipped="0">
  <testcase classname="com.app.sampletest.Data_Parameter" name="test1" time="0.010"/>
  <system-out/>
  <testcase classname="com.app.sampletest.Data_Parameter" name="test2" time="0.002"/>
  <system-out/>
</testsuite> <!-- com.app.sampletest.Data_Parameter -->
