<?xml version="1.0" encoding="UTF-8"?>
<!-- Generated by org.testng.reporters.JUnitReportReporter -->
<testsuite hostname="DESKTOP-35HBDVU" failures="0" tests="1" name="com.app.sampletest.Annotations" time="0.007" errors="0" timestamp="2024-02-03T12:52:03 IST" skipped="0">
  <testcase classname="com.app.sampletest.Annotations" name="test1" time="0.007"/>
  <system-out/>
</testsuite> <!-- com.app.sampletest.Annotations -->
