<?xml version="1.0" encoding="UTF-8"?>
<!-- Generated by org.testng.reporters.JUnitReportReporter -->
<testsuite hostname="DESKTOP-35HBDVU" failures="0" tests="2" name="com.app.sampletest.Parallel_Test" time="0.151" errors="0" timestamp="2024-02-04T14:19:25 IST" skipped="0">
  <testcase classname="com.app.sampletest.Parallel_Test" name="test1" time="0.093"/>
  <system-out/>
  <testcase classname="com.app.sampletest.Parallel_Test" name="test2" time="0.058"/>
  <system-out/>
</testsuite> <!-- com.app.sampletest.Parallel_Test -->
